{"uid":"90568b99b75b645b","name":"Проверка получения заказа по несуществующему id","fullName":"tests.test_store_api.TestPetApi#test_get_store_inventory","historyId":"fd395fb132282755c495bd57f8fec1ef","time":{"start":1714319179959,"stop":1714319180495,"duration":536},"status":"failed","statusMessage":"AssertionError: Текст ответа отличается от ожидаемого\nassert 'Order not found' == 'not found'\n  - not found\n  + Order not found\n  ? ++++++","statusTrace":"self = <test_store_api.TestPetApi object at 0x101ea76d0>\n\n    @allure.title('Проверка получения заказа по несуществующему id')\n    def test_get_store_inventory(self):\n        store_api = StoreApi()\n        response = store_api.get_store_order_by_id(57668486, expected_error=True)\n        check.status_code(404, response)\n>       assert response.json()['message'] == 'not found', \\\n            'Текст ответа отличается от ожидаемого'\nE       AssertionError: Текст ответа отличается от ожидаемого\nE       assert 'Order not found' == 'not found'\nE         - not found\nE         + Order not found\nE         ? ++++++\n\nresponse   = <Response [404]>\nself       = <test_store_api.TestPetApi object at 0x101ea76d0>\nstore_api  = <api_testing.store_api.StoreApi object at 0x101ea7be0>\n\n/Users/annapogrebnik/PycharmProjects/pythonProject1/otus_test_project/tests/test_store_api.py:37: AssertionError","flaky":false,"newFailed":false,"newBroken":false,"newPassed":false,"retriesCount":0,"retriesStatusChange":false,"beforeStages":[{"name":"logger_test","time":{"start":1714319179959,"stop":1714319179959,"duration":0},"status":"passed","steps":[],"attachments":[],"parameters":[],"shouldDisplayMessage":false,"attachmentsCount":0,"attachmentStep":false,"stepsCount":0,"hasContent":false}],"testStage":{"status":"failed","statusMessage":"AssertionError: Текст ответа отличается от ожидаемого\nassert 'Order not found' == 'not found'\n  - not found\n  + Order not found\n  ? ++++++","statusTrace":"self = <test_store_api.TestPetApi object at 0x101ea76d0>\n\n    @allure.title('Проверка получения заказа по несуществующему id')\n    def test_get_store_inventory(self):\n        store_api = StoreApi()\n        response = store_api.get_store_order_by_id(57668486, expected_error=True)\n        check.status_code(404, response)\n>       assert response.json()['message'] == 'not found', \\\n            'Текст ответа отличается от ожидаемого'\nE       AssertionError: Текст ответа отличается от ожидаемого\nE       assert 'Order not found' == 'not found'\nE         - not found\nE         + Order not found\nE         ? ++++++\n\nresponse   = <Response [404]>\nself       = <test_store_api.TestPetApi object at 0x101ea76d0>\nstore_api  = <api_testing.store_api.StoreApi object at 0x101ea7be0>\n\n/Users/annapogrebnik/PycharmProjects/pythonProject1/otus_test_project/tests/test_store_api.py:37: AssertionError","steps":[{"name":"Проверка status_code ответа","time":{"start":1714319180494,"stop":1714319180494,"duration":0},"status":"passed","steps":[],"attachments":[],"parameters":[],"shouldDisplayMessage":false,"attachmentsCount":0,"attachmentStep":false,"stepsCount":0,"hasContent":false}],"attachments":[],"parameters":[],"shouldDisplayMessage":true,"attachmentsCount":0,"attachmentStep":false,"stepsCount":1,"hasContent":true},"afterStages":[],"labels":[{"name":"parentSuite","value":"tests"},{"name":"suite","value":"test_store_api"},{"name":"subSuite","value":"TestPetApi"},{"name":"host","value":"d45763e349a4"},{"name":"thread","value":"94545-MainThread"},{"name":"framework","value":"pytest"},{"name":"language","value":"cpython3"},{"name":"package","value":"tests.test_store_api"},{"name":"resultFormat","value":"allure2"}],"parameters":[],"links":[],"hidden":true,"retry":true,"extra":{"categories":[],"tags":[]},"source":"90568b99b75b645b.json","parameterValues":[]}